<?xml version="1.0" encoding="UTF-8"?>
<!-- Generated by org.testng.reporters.JUnitXMLReporter -->
<testsuite hostname="DESKTOP-CM52I9N" name="DealerTest" tests="3" failures="0" timestamp="29 Mar 2020 19:21:34 GMT" time="64.502" errors="0">
  <testcase name="logintest" time="7.88" classname="com.surveillance.Test.RevenuePerLiveUnitTest"/>
  <testcase name="BillableClientTest" time="7.768" classname="com.surveillance.Test.RevenuePerLiveUnitTest"/>
  <testcase name="logintest" time="0.729" classname="com.surveillance.Test.LoginTest"/>
</testsuite> <!-- DealerTest -->
